<?xml version='1.0' encoding='UTF-8'?>
<testsuite hostname="DESKTOP-UJFA3QJ" name="PrenexTests" tests="11" errors="0" failures="0" skipped="0" time="0.1" timestamp="2022-12-11T15:02:17">
          <properties>
[...]
</properties>
          <testcase classname="PrenexTests" name="Eps" time="0.085">
                      
                    </testcase><testcase classname="PrenexTests" name="Void" time="0.008">
                      
                    </testcase><testcase classname="PrenexTests" name="Atom" time="0.001">
                      
                    </testcase><testcase classname="PrenexTests" name="Union" time="0.001">
                      
                    </testcase><testcase classname="PrenexTests" name="Concat" time="0.001">
                      
                    </testcase><testcase classname="PrenexTests" name="Star" time="0.001">
                      
                    </testcase><testcase classname="PrenexTests" name="Complex regex 1" time="0.0">
                      
                    </testcase><testcase classname="PrenexTests" name="Simple error" time="0.001">
                      
                    </testcase><testcase classname="PrenexTests" name="Complex regex 2" time="0.001">
                      
                    </testcase><testcase classname="PrenexTests" name="Complex regex 3" time="0.001">
                      
                    </testcase><testcase classname="PrenexTests" name="Complex regex error 4" time="0.0">
                      
                    </testcase>
          <system-out><![CDATA[]]></system-out>
          <system-err><![CDATA[]]></system-err>
        </testsuite>