<?xml version='1.0' encoding='UTF-8'?>
<testsuite hostname="JUNISVAULT" name="LexerTests" tests="12" errors="0" failures="0" skipped="0" time="19.649" timestamp="2023-01-03T19:50:39">
          <properties>
[...]
</properties>
          <testcase classname="LexerTests" name="Test lexer: simple concat (2p)" time="0.234">
                      
                    </testcase><testcase classname="LexerTests" name="Test lexer: simple union (2p)" time="0.038">
                      
                    </testcase><testcase classname="LexerTests" name="Test lexer: space and zeros char (5p)" time="0.031">
                      
                    </testcase><testcase classname="LexerTests" name="Test lexer: space and zeros char (5p)-1" time="0.025">
                      
                    </testcase><testcase classname="LexerTests" name="Test lexer: ones and twos char (8p)" time="0.102">
                      
                    </testcase><testcase classname="LexerTests" name="Test lexer: plus and star char (8p)" time="0.062">
                      
                    </testcase><testcase classname="LexerTests" name="Test lexer: whitespaces char (10p)" time="0.175">
                      
                    </testcase><testcase classname="LexerTests" name="Test lexer: abcd diverse char (10p)" time="0.08">
                      
                    </testcase><testcase classname="LexerTests" name="Test lexer: everything complex char (15p)" time="1.504">
                      
                    </testcase><testcase classname="LexerTests" name="Test lexer: simple error parsing char (5p)" time="0.018">
                      
                    </testcase><testcase classname="LexerTests" name="Test lexer: simple error parsing char (10p)" time="0.022">
                      
                    </testcase><testcase classname="LexerTests" name="Test lexer: lexer for a real language (20p)" time="17.358">
                      
                    </testcase>
          <system-out><![CDATA[]]></system-out>
          <system-err><![CDATA[]]></system-err>
        </testsuite>